<?xml version="1.0" encoding="UTF-8"?>
<testng-results ignored="0" total="1" passed="1" failed="0" skipped="0">
  <reporter-output>
  </reporter-output>
  <suite started-at="2024-04-17T19:58:30 IST" name="Default suite" finished-at="2024-04-17T19:59:23 IST" duration-ms="52311">
    <groups>
      <group name="cucumber">
        <method signature="AbstractTestNGCucumberTests.runScenario(io.cucumber.testng.PickleWrapper,io.cucumber.testng.FeatureWrapper)[pri:0, instance:NbTestRunner.TestRunner@5b7a7f33]" name="runScenario" class="io.cucumber.testng.AbstractTestNGCucumberTests"/>
      </group> <!-- cucumber -->
    </groups>
    <test started-at="2024-04-17T19:58:30 IST" name="Default test" finished-at="2024-04-17T19:59:23 IST" duration-ms="52311">
      <class name="NbTestRunner.TestRunner">
        <test-method is-config="true" signature="setUpClass(org.testng.ITestContext)[pri:0, instance:NbTestRunner.TestRunner@5b7a7f33]" started-at="2024-04-17T19:58:30 IST" name="setUpClass" finished-at="2024-04-17T19:58:31 IST" duration-ms="345" status="PASS">
          <params>
            <param index="0">
              <value>
                <![CDATA[org.testng.TestRunner@5b852b49]]>
              </value>
            </param>
          </params>
          <reporter-output>
          </reporter-output>
        </test-method> <!-- setUpClass -->
        <test-method signature="runScenario(io.cucumber.testng.PickleWrapper,io.cucumber.testng.FeatureWrapper)[pri:0, instance:NbTestRunner.TestRunner@5b7a7f33]" started-at="2024-04-17T19:58:31 IST" name="runScenario" description="Runs Cucumber Scenarios" data-provider="scenarios" finished-at="2024-04-17T19:59:23 IST" duration-ms="51891" status="PASS">
          <params>
            <param index="0">
              <value>
                <![CDATA["To validate within city functionality of packers and movers"]]>
              </value>
            </param>
            <param index="1">
              <value>
                <![CDATA["To test the profile module"]]>
              </value>
            </param>
          </params>
          <reporter-output>
          </reporter-output>
        </test-method> <!-- runScenario -->
        <test-method is-config="true" signature="tearDownClass()[pri:0, instance:NbTestRunner.TestRunner@5b7a7f33]" started-at="2024-04-17T19:59:23 IST" name="tearDownClass" finished-at="2024-04-17T19:59:23 IST" duration-ms="4" status="PASS">
          <reporter-output>
          </reporter-output>
        </test-method> <!-- tearDownClass -->
      </class> <!-- NbTestRunner.TestRunner -->
    </test> <!-- Default test -->
  </suite> <!-- Default suite -->
</testng-results>
